# JRE version: OpenJDK Runtime Environment (11.0.12+7) (build 11.0.12+7-b1504.28-7817840)
# Java VM: OpenJDK 64-Bit Server VM (11.0.12+7-b1504.28-7817840, mixed mode, tiered, compressed oops, g1 gc, windows-amd64)
Heap:
 garbage-first heap   total 101376K, used 71934K [0x00000000a0000000, 0x0000000100000000)
  region size 1024K, 7 young (7168K), 2 survivors (2048K)
 Metaspace       used 82463K, capacity 84782K, committed 84892K, reserved 1122304K
  class space    used 10858K, capacity 11737K, committed 11776K, reserved 1048576K
GC Heap History (20 events):
Event: 33.310 GC heap before
{Heap before GC invocations=24 (full 0):
 garbage-first heap   total 101376K, used 85150K [0x00000000a0000000, 0x0000000100000000)
  region size 1024K, 30 young (30720K), 4 survivors (4096K)
 Metaspace       used 70213K, capacity 72495K, committed 72604K, reserved 1112064K
  class space    used 9361K, capacity 10226K, committed 10240K, reserved 1048576K
}
Event: 33.316 GC heap after
{Heap after GC invocations=25 (full 0):
 garbage-first heap   total 101376K, used 59660K [0x00000000a0000000, 0x0000000100000000)
  region size 1024K, 3 young (3072K), 3 survivors (3072K)
 Metaspace       used 70213K, capacity 72495K, committed 72604K, reserved 1112064K
  class space    used 9361K, capacity 10226K, committed 10240K, reserved 1048576K
}
Event: 34.982 GC heap before
{Heap before GC invocations=26 (full 0):
 garbage-first heap   total 101376K, used 86284K [0x00000000a0000000, 0x0000000100000000)
  region size 1024K, 29 young (29696K), 3 survivors (3072K)
 Metaspace       used 72953K, capacity 75259K, committed 75548K, reserved 1114112K
  class space    used 9723K, capacity 10587K, committed 10624K, reserved 1048576K
}
Event: 34.987 GC heap after
{Heap after GC invocations=27 (full 0):
 garbage-first heap   total 101376K, used 60674K [0x00000000a0000000, 0x0000000100000000)
  region size 1024K, 3 young (3072K), 3 survivors (3072K)
 Metaspace       used 72953K, capacity 75259K, committed 75548K, reserved 1114112K
  class space    used 9723K, capacity 10587K, committed 10624K, reserved 1048576K
}
Event: 36.130 GC heap before
{Heap before GC invocations=27 (full 0):
 garbage-first heap   total 101376K, used 85250K [0x00000000a0000000, 0x0000000100000000)
  region size 1024K, 28 young (28672K), 3 survivors (3072K)
 Metaspace       used 77020K, capacity 79403K, committed 79644K, reserved 1118208K
  class space    used 10143K, capacity 11024K, committed 11136K, reserved 1048576K
}
Event: 36.137 GC heap after
{Heap after GC invocations=28 (full 0):
 garbage-first heap   total 101376K, used 62505K [0x00000000a0000000, 0x0000000100000000)
  region size 1024K, 4 young (4096K), 4 survivors (4096K)
 Metaspace       used 77020K, capacity 79403K, committed 79644K, reserved 1118208K
  class space    used 10143K, capacity 11024K, committed 11136K, reserved 1048576K
}
Event: 36.267 GC heap before
{Heap before GC invocations=29 (full 0):
 garbage-first heap   total 101376K, used 63529K [0x00000000a0000000, 0x0000000100000000)
  region size 1024K, 6 young (6144K), 4 survivors (4096K)
 Metaspace       used 77041K, capacity 79400K, committed 79644K, reserved 1118208K
  class space    used 10147K, capacity 11023K, committed 11136K, reserved 1048576K
}
Event: 36.275 GC heap after
{Heap after GC invocations=30 (full 0):
 garbage-first heap   total 101376K, used 62663K [0x00000000a0000000, 0x0000000100000000)
  region size 1024K, 3 young (3072K), 3 survivors (3072K)
 Metaspace       used 77041K, capacity 79400K, committed 79644K, reserved 1118208K
  class space    used 10147K, capacity 11023K, committed 11136K, reserved 1048576K
}
Event: 36.542 GC heap before
{Heap before GC invocations=31 (full 0):
 garbage-first heap   total 101376K, used 80071K [0x00000000a0000000, 0x0000000100000000)
  region size 1024K, 17 young (17408K), 3 survivors (3072K)
 Metaspace       used 77050K, capacity 79406K, committed 79644K, reserved 1118208K
  class space    used 10147K, capacity 11024K, committed 11136K, reserved 1048576K
}
Event: 36.549 GC heap after
{Heap after GC invocations=32 (full 0):
 garbage-first heap   total 101376K, used 69164K [0x00000000a0000000, 0x0000000100000000)
  region size 1024K, 3 young (3072K), 3 survivors (3072K)
 Metaspace       used 77050K, capacity 79406K, committed 79644K, reserved 1118208K
  class space    used 10147K, capacity 11024K, committed 11136K, reserved 1048576K
}
Event: 37.193 GC heap before
{Heap before GC invocations=33 (full 0):
 garbage-first heap   total 101376K, used 83500K [0x00000000a0000000, 0x0000000100000000)
  region size 1024K, 16 young (16384K), 3 survivors (3072K)
 Metaspace       used 78079K, capacity 80454K, committed 80796K, reserved 1118208K
  class space    used 10289K, capacity 11156K, committed 11264K, reserved 1048576K
}
Event: 37.196 GC heap after
{Heap after GC invocations=34 (full 0):
 garbage-first heap   total 101376K, used 66652K [0x00000000a0000000, 0x0000000100000000)
  region size 1024K, 1 young (1024K), 1 survivors (1024K)
 Metaspace       used 78079K, capacity 80454K, committed 80796K, reserved 1118208K
  class space    used 10289K, capacity 11156K, committed 11264K, reserved 1048576K
}
Event: 37.967 GC heap before
{Heap before GC invocations=34 (full 0):
 garbage-first heap   total 101376K, used 82012K [0x00000000a0000000, 0x0000000100000000)
  region size 1024K, 16 young (16384K), 1 survivors (1024K)
 Metaspace       used 79206K, capacity 81556K, committed 81692K, reserved 1120256K
  class space    used 10430K, capacity 11288K, committed 11392K, reserved 1048576K
}
Event: 37.972 GC heap after
{Heap after GC invocations=35 (full 0):
 garbage-first heap   total 101376K, used 67438K [0x00000000a0000000, 0x0000000100000000)
  region size 1024K, 2 young (2048K), 2 survivors (2048K)
 Metaspace       used 79206K, capacity 81556K, committed 81692K, reserved 1120256K
  class space    used 10430K, capacity 11288K, committed 11392K, reserved 1048576K
}
Event: 39.230 GC heap before
{Heap before GC invocations=36 (full 0):
 garbage-first heap   total 101376K, used 81774K [0x00000000a0000000, 0x0000000100000000)
  region size 1024K, 17 young (17408K), 2 survivors (2048K)
 Metaspace       used 80322K, capacity 82654K, committed 82844K, reserved 1120256K
  class space    used 10582K, capacity 11418K, committed 11520K, reserved 1048576K
}
Event: 39.234 GC heap after
{Heap after GC invocations=37 (full 0):
 garbage-first heap   total 101376K, used 67046K [0x00000000a0000000, 0x0000000100000000)
  region size 1024K, 3 young (3072K), 3 survivors (3072K)
 Metaspace       used 80322K, capacity 82654K, committed 82844K, reserved 1120256K
  class space    used 10582K, capacity 11418K, committed 11520K, reserved 1048576K
}
Event: 39.401 GC heap before
{Heap before GC invocations=37 (full 0):
 garbage-first heap   total 101376K, used 70118K [0x00000000a0000000, 0x0000000100000000)
  region size 1024K, 8 young (8192K), 3 survivors (3072K)
 Metaspace       used 80630K, capacity 82949K, committed 83100K, reserved 1120256K
  class space    used 10618K, capacity 11451K, committed 11520K, reserved 1048576K
}
Event: 39.405 GC heap after
{Heap after GC invocations=38 (full 0):
 garbage-first heap   total 101376K, used 67622K [0x00000000a0000000, 0x0000000100000000)
  region size 1024K, 2 young (2048K), 2 survivors (2048K)
 Metaspace       used 80630K, capacity 82949K, committed 83100K, reserved 1120256K
  class space    used 10618K, capacity 11451K, committed 11520K, reserved 1048576K
}
Event: 40.069 GC heap before
{Heap before GC invocations=39 (full 0):
 garbage-first heap   total 101376K, used 85030K [0x00000000a0000000, 0x0000000100000000)
  region size 1024K, 18 young (18432K), 2 survivors (2048K)
 Metaspace       used 82017K, capacity 84319K, committed 84636K, reserved 1122304K
  class space    used 10794K, capacity 11669K, committed 11776K, reserved 1048576K
}
Event: 40.073 GC heap after
{Heap after GC invocations=40 (full 0):
 garbage-first heap   total 101376K, used 67838K [0x00000000a0000000, 0x0000000100000000)
  region size 1024K, 2 young (2048K), 2 survivors (2048K)
 Metaspace       used 82017K, capacity 84319K, committed 84636K, reserved 1122304K
  class space    used 10794K, capacity 11669K, committed 11776K, reserved 1048576K
}

