# JRE version: OpenJDK Runtime Environment (11.0.12+7) (build 11.0.12+7-b1504.28-7817840)
# Java VM: OpenJDK 64-Bit Server VM (11.0.12+7-b1504.28-7817840, mixed mode, tiered, compressed oops, g1 gc, windows-amd64)
Heap:
 garbage-first heap   total 540672K, used 188927K [0x00000000a0000000, 0x0000000100000000)
  region size 1024K, 2 young (2048K), 2 survivors (2048K)
 Metaspace       used 144718K, capacity 149244K, committed 149456K, reserved 1179648K
  class space    used 18423K, capacity 20092K, committed 20224K, reserved 1048576K
GC Heap History (20 events):
Event: 617.732 GC heap after
{Heap after GC invocations=195 (full 0):
 garbage-first heap   total 282624K, used 142994K [0x00000000a0000000, 0x0000000100000000)
  region size 1024K, 6 young (6144K), 6 survivors (6144K)
 Metaspace       used 130337K, capacity 134244K, committed 134608K, reserved 1165312K
  class space    used 16407K, capacity 17811K, committed 17920K, reserved 1048576K
}
Event: 618.397 GC heap before
{Heap before GC invocations=195 (full 0):
 garbage-first heap   total 282624K, used 229010K [0x00000000a0000000, 0x0000000100000000)
  region size 1024K, 88 young (90112K), 6 survivors (6144K)
 Metaspace       used 130338K, capacity 134244K, committed 134608K, reserved 1165312K
  class space    used 16407K, capacity 17811K, committed 17920K, reserved 1048576K
}
Event: 618.404 GC heap after
{Heap after GC invocations=196 (full 0):
 garbage-first heap   total 282624K, used 146223K [0x00000000a0000000, 0x0000000100000000)
  region size 1024K, 7 young (7168K), 7 survivors (7168K)
 Metaspace       used 130338K, capacity 134244K, committed 134608K, reserved 1165312K
  class space    used 16407K, capacity 17811K, committed 17920K, reserved 1048576K
}
Event: 620.868 GC heap before
{Heap before GC invocations=196 (full 0):
 garbage-first heap   total 282624K, used 230191K [0x00000000a0000000, 0x0000000100000000)
  region size 1024K, 89 young (91136K), 7 survivors (7168K)
 Metaspace       used 130910K, capacity 134859K, committed 135120K, reserved 1167360K
  class space    used 16474K, capacity 17893K, committed 17920K, reserved 1048576K
}
Event: 620.874 GC heap after
{Heap after GC invocations=197 (full 0):
 garbage-first heap   total 282624K, used 144094K [0x00000000a0000000, 0x0000000100000000)
  region size 1024K, 5 young (5120K), 5 survivors (5120K)
 Metaspace       used 130910K, capacity 134859K, committed 135120K, reserved 1167360K
  class space    used 16474K, capacity 17893K, committed 17920K, reserved 1048576K
}
Event: 622.035 GC heap before
{Heap before GC invocations=197 (full 0):
 garbage-first heap   total 282624K, used 188126K [0x00000000a0000000, 0x0000000100000000)
  region size 1024K, 48 young (49152K), 5 survivors (5120K)
 Metaspace       used 132732K, capacity 136686K, committed 136912K, reserved 1167360K
  class space    used 16728K, capacity 18152K, committed 18176K, reserved 1048576K
}
Event: 622.050 GC heap after
{Heap after GC invocations=198 (full 0):
 garbage-first heap   total 282624K, used 146832K [0x00000000a0000000, 0x0000000100000000)
  region size 1024K, 8 young (8192K), 8 survivors (8192K)
 Metaspace       used 132732K, capacity 136686K, committed 136912K, reserved 1167360K
  class space    used 16728K, capacity 18152K, committed 18176K, reserved 1048576K
}
Event: 622.963 GC heap before
{Heap before GC invocations=199 (full 0):
 garbage-first heap   total 282624K, used 223632K [0x00000000a0000000, 0x0000000100000000)
  region size 1024K, 83 young (84992K), 8 survivors (8192K)
 Metaspace       used 133762K, capacity 137718K, committed 137936K, reserved 1169408K
  class space    used 16867K, capacity 18305K, committed 18432K, reserved 1048576K
}
Event: 623.406 GC heap after
{Heap after GC invocations=200 (full 0):
 garbage-first heap   total 282624K, used 160095K [0x00000000a0000000, 0x0000000100000000)
  region size 1024K, 11 young (11264K), 11 survivors (11264K)
 Metaspace       used 133762K, capacity 137718K, committed 137936K, reserved 1169408K
  class space    used 16867K, capacity 18305K, committed 18432K, reserved 1048576K
}
Event: 623.688 GC heap before
{Heap before GC invocations=200 (full 0):
 garbage-first heap   total 282624K, used 161119K [0x00000000a0000000, 0x0000000100000000)
  region size 1024K, 13 young (13312K), 11 survivors (11264K)
 Metaspace       used 133936K, capacity 137900K, committed 138192K, reserved 1169408K
  class space    used 16892K, capacity 18346K, committed 18432K, reserved 1048576K
}
Event: 623.878 GC heap after
{Heap after GC invocations=201 (full 0):
 garbage-first heap   total 282624K, used 156406K [0x00000000a0000000, 0x0000000100000000)
  region size 1024K, 2 young (2048K), 2 survivors (2048K)
 Metaspace       used 133936K, capacity 137900K, committed 138192K, reserved 1169408K
  class space    used 16892K, capacity 18346K, committed 18432K, reserved 1048576K
}
Event: 625.761 GC heap before
{Heap before GC invocations=201 (full 0):
 garbage-first heap   total 282624K, used 223990K [0x00000000a0000000, 0x0000000100000000)
  region size 1024K, 68 young (69632K), 2 survivors (2048K)
 Metaspace       used 138159K, capacity 142464K, committed 142672K, reserved 1173504K
  class space    used 17455K, capacity 18999K, committed 19072K, reserved 1048576K
}
Event: 625.779 GC heap after
{Heap after GC invocations=202 (full 0):
 garbage-first heap   total 282624K, used 165875K [0x00000000a0000000, 0x0000000100000000)
  region size 1024K, 9 young (9216K), 9 survivors (9216K)
 Metaspace       used 138159K, capacity 142464K, committed 142672K, reserved 1173504K
  class space    used 17455K, capacity 18999K, committed 19072K, reserved 1048576K
}
Event: 626.388 GC heap before
{Heap before GC invocations=202 (full 0):
 garbage-first heap   total 282624K, used 227315K [0x00000000a0000000, 0x0000000100000000)
  region size 1024K, 69 young (70656K), 9 survivors (9216K)
 Metaspace       used 139679K, capacity 144131K, committed 144336K, reserved 1173504K
  class space    used 17686K, capacity 19329K, committed 19456K, reserved 1048576K
}
Event: 626.417 GC heap after
{Heap after GC invocations=203 (full 0):
 garbage-first heap   total 282624K, used 176207K [0x00000000a0000000, 0x0000000100000000)
  region size 1024K, 9 young (9216K), 9 survivors (9216K)
 Metaspace       used 139679K, capacity 144131K, committed 144336K, reserved 1173504K
  class space    used 17686K, capacity 19329K, committed 19456K, reserved 1048576K
}
Event: 627.178 GC heap before
{Heap before GC invocations=203 (full 0):
 garbage-first heap   total 282624K, used 230479K [0x00000000a0000000, 0x0000000100000000)
  region size 1024K, 62 young (63488K), 9 survivors (9216K)
 Metaspace       used 142604K, capacity 147145K, committed 147408K, reserved 1177600K
  class space    used 18185K, capacity 19870K, committed 19968K, reserved 1048576K
}
Event: 627.216 GC heap after
{Heap after GC invocations=204 (full 0):
 garbage-first heap   total 282624K, used 185339K [0x00000000a0000000, 0x0000000100000000)
  region size 1024K, 8 young (8192K), 8 survivors (8192K)
 Metaspace       used 142604K, capacity 147145K, committed 147408K, reserved 1177600K
  class space    used 18185K, capacity 19870K, committed 19968K, reserved 1048576K
}
Event: 628.549 GC heap before
{Heap before GC invocations=205 (full 0):
 garbage-first heap   total 282624K, used 233467K [0x00000000a0000000, 0x0000000100000000)
  region size 1024K, 56 young (57344K), 8 survivors (8192K)
 Metaspace       used 144506K, capacity 149068K, committed 149456K, reserved 1179648K
  class space    used 18391K, capacity 20076K, committed 20224K, reserved 1048576K
}
Event: 628.584 GC heap after
{Heap after GC invocations=206 (full 0):
 garbage-first heap   total 282624K, used 189775K [0x00000000a0000000, 0x0000000100000000)
  region size 1024K, 4 young (4096K), 4 survivors (4096K)
 Metaspace       used 144506K, capacity 149068K, committed 149456K, reserved 1179648K
  class space    used 18391K, capacity 20076K, committed 20224K, reserved 1048576K
}
Event: 628.670 GC heap before
{Heap before GC invocations=206 (full 0):
 garbage-first heap   total 282624K, used 198991K [0x00000000a0000000, 0x0000000100000000)
  region size 1024K, 13 young (13312K), 4 survivors (4096K)
 Metaspace       used 144718K, capacity 149244K, committed 149456K, reserved 1179648K
  class space    used 18423K, capacity 20092K, committed 20224K, reserved 1048576K
}

