# JRE version: OpenJDK Runtime Environment (11.0.12+7) (build 11.0.12+7-b1504.28-7817840)
# Java VM: OpenJDK 64-Bit Server VM (11.0.12+7-b1504.28-7817840, mixed mode, tiered, compressed oops, g1 gc, windows-amd64)
Heap:
 garbage-first heap   total 409600K, used 180224K [0x00000000a0000000, 0x0000000100000000)
  region size 1024K, 5 young (5120K), 5 survivors (5120K)
 Metaspace       used 110771K, capacity 114083K, committed 114376K, reserved 1148928K
  class space    used 14587K, capacity 15825K, committed 15948K, reserved 1048576K
GC Heap History (20 events):
Event: 89.893 GC heap after
{Heap after GC invocations=124 (full 0):
 garbage-first heap   total 163840K, used 128521K [0x00000000a0000000, 0x0000000100000000)
  region size 1024K, 2 young (2048K), 2 survivors (2048K)
 Metaspace       used 106013K, capacity 109275K, committed 109640K, reserved 1144832K
  class space    used 13988K, capacity 15188K, committed 15308K, reserved 1048576K
}
Event: 89.988 GC heap before
{Heap before GC invocations=124 (full 0):
 garbage-first heap   total 163840K, used 137737K [0x00000000a0000000, 0x0000000100000000)
  region size 1024K, 12 young (12288K), 2 survivors (2048K)
 Metaspace       used 106114K, capacity 109358K, committed 109640K, reserved 1144832K
  class space    used 13999K, capacity 15193K, committed 15308K, reserved 1048576K
}
Event: 89.991 GC heap after
{Heap after GC invocations=125 (full 0):
 garbage-first heap   total 163840K, used 130322K [0x00000000a0000000, 0x0000000100000000)
  region size 1024K, 2 young (2048K), 2 survivors (2048K)
 Metaspace       used 106114K, capacity 109358K, committed 109640K, reserved 1144832K
  class space    used 13999K, capacity 15193K, committed 15308K, reserved 1048576K
}
Event: 90.041 GC heap before
{Heap before GC invocations=125 (full 0):
 garbage-first heap   total 163840K, used 138514K [0x00000000a0000000, 0x0000000100000000)
  region size 1024K, 12 young (12288K), 2 survivors (2048K)
 Metaspace       used 106219K, capacity 109454K, committed 109640K, reserved 1144832K
  class space    used 14013K, capacity 15225K, committed 15308K, reserved 1048576K
}
Event: 90.046 GC heap after
{Heap after GC invocations=126 (full 0):
 garbage-first heap   total 201728K, used 132333K [0x00000000a0000000, 0x0000000100000000)
  region size 1024K, 2 young (2048K), 2 survivors (2048K)
 Metaspace       used 106219K, capacity 109454K, committed 109640K, reserved 1144832K
  class space    used 14013K, capacity 15225K, committed 15308K, reserved 1048576K
}
Event: 90.566 GC heap before
{Heap before GC invocations=127 (full 0):
 garbage-first heap   total 201728K, used 154861K [0x00000000a0000000, 0x0000000100000000)
  region size 1024K, 23 young (23552K), 2 survivors (2048K)
 Metaspace       used 106715K, capacity 109968K, committed 110152K, reserved 1144832K
  class space    used 14070K, capacity 15290K, committed 15308K, reserved 1048576K
}
Event: 90.573 GC heap after
{Heap after GC invocations=128 (full 0):
 garbage-first heap   total 201728K, used 137795K [0x00000000a0000000, 0x0000000100000000)
  region size 1024K, 3 young (3072K), 3 survivors (3072K)
 Metaspace       used 106715K, capacity 109968K, committed 110152K, reserved 1144832K
  class space    used 14070K, capacity 15290K, committed 15308K, reserved 1048576K
}
Event: 90.720 GC heap before
{Heap before GC invocations=128 (full 0):
 garbage-first heap   total 201728K, used 157251K [0x00000000a0000000, 0x0000000100000000)
  region size 1024K, 23 young (23552K), 3 survivors (3072K)
 Metaspace       used 106922K, capacity 110198K, committed 110536K, reserved 1144832K
  class space    used 14105K, capacity 15324K, committed 15436K, reserved 1048576K
}
Event: 90.728 GC heap after
{Heap after GC invocations=129 (full 0):
 garbage-first heap   total 201728K, used 142132K [0x00000000a0000000, 0x0000000100000000)
  region size 1024K, 3 young (3072K), 3 survivors (3072K)
 Metaspace       used 106922K, capacity 110198K, committed 110536K, reserved 1144832K
  class space    used 14105K, capacity 15324K, committed 15436K, reserved 1048576K
}
Event: 91.850 GC heap before
{Heap before GC invocations=130 (full 0):
 garbage-first heap   total 201728K, used 160564K [0x00000000a0000000, 0x0000000100000000)
  region size 1024K, 22 young (22528K), 3 survivors (3072K)
 Metaspace       used 108343K, capacity 111687K, committed 111944K, reserved 1146880K
  class space    used 14299K, capacity 15530K, committed 15564K, reserved 1048576K
}
Event: 91.857 GC heap after
{Heap after GC invocations=131 (full 0):
 garbage-first heap   total 201728K, used 145366K [0x00000000a0000000, 0x0000000100000000)
  region size 1024K, 3 young (3072K), 3 survivors (3072K)
 Metaspace       used 108343K, capacity 111687K, committed 111944K, reserved 1146880K
  class space    used 14299K, capacity 15530K, committed 15564K, reserved 1048576K
}
Event: 92.741 GC heap before
{Heap before GC invocations=131 (full 0):
 garbage-first heap   total 201728K, used 164821K [0x00000000a0000000, 0x0000000100000000)
  region size 1024K, 22 young (22528K), 3 survivors (3072K)
 Metaspace       used 109364K, capacity 112704K, committed 112840K, reserved 1146880K
  class space    used 14415K, capacity 15657K, committed 15692K, reserved 1048576K
}
Event: 92.757 GC heap after
{Heap after GC invocations=132 (full 0):
 garbage-first heap   total 262144K, used 149633K [0x00000000a0000000, 0x0000000100000000)
  region size 1024K, 3 young (3072K), 3 survivors (3072K)
 Metaspace       used 109364K, capacity 112704K, committed 112840K, reserved 1146880K
  class space    used 14415K, capacity 15657K, committed 15692K, reserved 1048576K
}
Event: 93.202 GC heap before
{Heap before GC invocations=133 (full 0):
 garbage-first heap   total 262144K, used 186497K [0x00000000a0000000, 0x0000000100000000)
  region size 1024K, 39 young (39936K), 3 survivors (3072K)
 Metaspace       used 109982K, capacity 113397K, committed 113480K, reserved 1146880K
  class space    used 14510K, capacity 15777K, committed 15820K, reserved 1048576K
}
Event: 93.227 GC heap after
{Heap after GC invocations=134 (full 0):
 garbage-first heap   total 262144K, used 157304K [0x00000000a0000000, 0x0000000100000000)
  region size 1024K, 5 young (5120K), 5 survivors (5120K)
 Metaspace       used 109982K, capacity 113397K, committed 113480K, reserved 1146880K
  class space    used 14510K, capacity 15777K, committed 15820K, reserved 1048576K
}
Event: 93.410 GC heap before
{Heap before GC invocations=134 (full 0):
 garbage-first heap   total 262144K, used 192120K [0x00000000a0000000, 0x0000000100000000)
  region size 1024K, 40 young (40960K), 5 survivors (5120K)
 Metaspace       used 110469K, capacity 113905K, committed 114120K, reserved 1146880K
  class space    used 14585K, capacity 15861K, committed 15948K, reserved 1048576K
}
Event: 93.445 GC heap after
{Heap after GC invocations=135 (full 0):
 garbage-first heap   total 262144K, used 164524K [0x00000000a0000000, 0x0000000100000000)
  region size 1024K, 5 young (5120K), 5 survivors (5120K)
 Metaspace       used 110469K, capacity 113905K, committed 114120K, reserved 1146880K
  class space    used 14585K, capacity 15861K, committed 15948K, reserved 1048576K
}
Event: 93.878 GC heap before
{Heap before GC invocations=135 (full 0):
 garbage-first heap   total 262144K, used 200364K [0x00000000a0000000, 0x0000000100000000)
  region size 1024K, 40 young (40960K), 5 survivors (5120K)
 Metaspace       used 110563K, capacity 113919K, committed 114376K, reserved 1148928K
  class space    used 14566K, capacity 15793K, committed 15948K, reserved 1048576K
}
Event: 93.908 GC heap after
{Heap after GC invocations=136 (full 0):
 garbage-first heap   total 262144K, used 172938K [0x00000000a0000000, 0x0000000100000000)
  region size 1024K, 5 young (5120K), 5 survivors (5120K)
 Metaspace       used 110563K, capacity 113919K, committed 114376K, reserved 1148928K
  class space    used 14566K, capacity 15793K, committed 15948K, reserved 1048576K
}
Event: 94.148 GC heap before
{Heap before GC invocations=137 (full 0):
 garbage-first heap   total 262144K, used 206730K [0x00000000a0000000, 0x0000000100000000)
  region size 1024K, 38 young (38912K), 5 survivors (5120K)
 Metaspace       used 110771K, capacity 114083K, committed 114376K, reserved 1148928K
  class space    used 14587K, capacity 15825K, committed 15948K, reserved 1048576K
}

